c:\users\артем\source\repos\calc_method_1\calc_method_1\x64\debug\vc143.pdb
c:\users\артем\source\repos\calc_method_1\calc_method_1\x64\debug\vc143.idb
c:\users\артем\source\repos\calc_method_1\calc_method_1\x64\debug\vec.obj
c:\users\артем\source\repos\calc_method_1\calc_method_1\x64\debug\main.obj
c:\users\артем\source\repos\calc_method_1\calc_method_1\x64\debug\matrix.obj
c:\users\артем\source\repos\calc_method_1\x64\debug\calc_method_1.exe
c:\users\артем\source\repos\calc_method_1\calc_method_1\x64\debug\calc_method_1.ilk
c:\users\артем\source\repos\calc_method_1\x64\debug\calc_method_1.pdb
c:\users\артем\source\repos\calc_method_1\calc_method_1\x64\debug\calc_method_1.tlog\cl.command.1.tlog
c:\users\артем\source\repos\calc_method_1\calc_method_1\x64\debug\calc_method_1.tlog\cl.read.1.tlog
c:\users\артем\source\repos\calc_method_1\calc_method_1\x64\debug\calc_method_1.tlog\cl.write.1.tlog
c:\users\артем\source\repos\calc_method_1\calc_method_1\x64\debug\calc_method_1.tlog\link-cvtres.read.1.tlog
c:\users\артем\source\repos\calc_method_1\calc_method_1\x64\debug\calc_method_1.tlog\link-cvtres.write.1.tlog
c:\users\артем\source\repos\calc_method_1\calc_method_1\x64\debug\calc_method_1.tlog\link-rc.read.1.tlog
c:\users\артем\source\repos\calc_method_1\calc_method_1\x64\debug\calc_method_1.tlog\link-rc.write.1.tlog
c:\users\артем\source\repos\calc_method_1\calc_method_1\x64\debug\calc_method_1.tlog\link.50764-cvtres.read.1.tlog
c:\users\артем\source\repos\calc_method_1\calc_method_1\x64\debug\calc_method_1.tlog\link.50764-cvtres.write.1.tlog
c:\users\артем\source\repos\calc_method_1\calc_method_1\x64\debug\calc_method_1.tlog\link.50764-rc.read.1.tlog
c:\users\артем\source\repos\calc_method_1\calc_method_1\x64\debug\calc_method_1.tlog\link.50764-rc.write.1.tlog
c:\users\артем\source\repos\calc_method_1\calc_method_1\x64\debug\calc_method_1.tlog\link.50764.read.1.tlog
c:\users\артем\source\repos\calc_method_1\calc_method_1\x64\debug\calc_method_1.tlog\link.50764.read.2.tlog
c:\users\артем\source\repos\calc_method_1\calc_method_1\x64\debug\calc_method_1.tlog\link.50764.write.1.tlog
c:\users\артем\source\repos\calc_method_1\calc_method_1\x64\debug\calc_method_1.tlog\link.command.1.tlog
c:\users\артем\source\repos\calc_method_1\calc_method_1\x64\debug\calc_method_1.tlog\link.read.1.tlog
c:\users\артем\source\repos\calc_method_1\calc_method_1\x64\debug\calc_method_1.tlog\link.read.2.tlog
c:\users\артем\source\repos\calc_method_1\calc_method_1\x64\debug\calc_method_1.tlog\link.write.1.tlog
